[debug] [2025-07-01T16:59:33.442Z] ----------------------------------------------------------------------
[debug] [2025-07-01T16:59:33.444Z] Command:       E:\Python\Node.js\node.exe C:\Users\tawse\AppData\Roaming\npm\node_modules\firebase-tools\lib\bin\firebase.js init
[debug] [2025-07-01T16:59:33.445Z] CLI Version:   14.9.0
[debug] [2025-07-01T16:59:33.445Z] Platform:      win32
[debug] [2025-07-01T16:59:33.445Z] Node Version:  v22.17.0
[debug] [2025-07-01T16:59:33.445Z] Time:          Tue Jul 01 2025 22:59:33 GMT+0600 (Bangladesh Standard Time)
[debug] [2025-07-01T16:59:33.445Z] ----------------------------------------------------------------------
[debug] 
[debug] [2025-07-01T16:59:33.451Z] > command requires scopes: ["email","openid","https://www.googleapis.com/auth/cloudplatformprojects.readonly","https://www.googleapis.com/auth/firebase","https://www.googleapis.com/auth/cloud-platform"]
[debug] [2025-07-01T16:59:33.451Z] > authorizing via signed-in user (tawseefrafi@gmail.com)
[info] 
     ######## #### ########  ######## ########     ###     ######  ########
     ##        ##  ##     ## ##       ##     ##  ##   ##  ##       ##
     ######    ##  ########  ######   ########  #########  ######  ######
     ##        ##  ##    ##  ##       ##     ## ##     ##       ## ##
     ##       #### ##     ## ######## ########  ##     ##  ######  ########

You're about to initialize a Firebase project in this directory:

  F:\Important Stuffs\Rafi\Portfolio

[info] 
=== Project Setup
[info] 
[info] First, let's associate this project directory with a Firebase project.
[info] You can create multiple project aliases by running firebase use --add, 
[info] but for now we'll just set up a default project.
[info] 
[debug] [2025-07-01T16:59:50.726Z] Checked if tokens are valid: true, expires at: 1751391087924
[debug] [2025-07-01T16:59:50.727Z] Checked if tokens are valid: true, expires at: 1751391087924
[debug] [2025-07-01T16:59:50.728Z] >>> [apiv2][query] GET https://firebase.googleapis.com/v1beta1/projects pageSize=100
[debug] [2025-07-01T16:59:51.626Z] <<< [apiv2][status] GET https://firebase.googleapis.com/v1beta1/projects 200
[debug] [2025-07-01T16:59:51.626Z] <<< [apiv2][body] GET https://firebase.googleapis.com/v1beta1/projects [omitted]
[info] i  Using project tawseefrafi-portfolio (Portfolio) 
[info] 
=== Hosting Setup
[debug] [2025-07-01T17:01:02.141Z] Checked if tokens are valid: true, expires at: 1751391087924
[debug] [2025-07-01T17:01:02.141Z] Checked if tokens are valid: true, expires at: 1751391087924
[debug] [2025-07-01T17:01:02.142Z] >>> [apiv2][query] GET https://firebase.googleapis.com/v1beta1/projects/tawseefrafi-portfolio [none]
[debug] [2025-07-01T17:01:02.637Z] <<< [apiv2][status] GET https://firebase.googleapis.com/v1beta1/projects/tawseefrafi-portfolio 200
[debug] [2025-07-01T17:01:02.637Z] <<< [apiv2][body] GET https://firebase.googleapis.com/v1beta1/projects/tawseefrafi-portfolio {"projectId":"tawseefrafi-portfolio","projectNumber":"121057721066","displayName":"Portfolio","name":"projects/tawseefrafi-portfolio","resources":{"hostingSite":"tawseefrafi-portfolio"},"state":"ACTIVE","etag":"1_d7b5a0b5-ab35-4591-80dd-37adfcc3593a"}
[info] 
[info] Your public directory is the folder (relative to your project directory) that
[info] will contain Hosting assets to be uploaded with firebase deploy. If you
[info] have a build process for your assets, use your build's output directory.
[info] 
[info] +  Wrote public/404.html 
[debug] [2025-07-01T17:02:07.384Z] >>> [apiv2][query] GET https://www.gstatic.com/firebasejs/releases.json [none]
[debug] [2025-07-01T17:02:07.543Z] <<< [apiv2][status] GET https://www.gstatic.com/firebasejs/releases.json 200
[debug] [2025-07-01T17:02:07.543Z] <<< [apiv2][body] GET https://www.gstatic.com/firebasejs/releases.json {"current":{"version":"11.10.0","browserURL":"https://www.gstatic.com/firebasejs/11.10.0/firebase.js","packageURL":"https://www.gstatic.com/firebasejs/11.10.0/firebase.tgz"},"live":{"version":"11.10","browserURL":"https://www.gstatic.com/firebasejs/live/11.10/firebase.js","packageURL":"https://www.gstatic.com/firebasejs/live/11.10/firebase.tgz"},"components":{"ai":"https://www.gstatic.com/firebasejs/11.10.0/firebase-ai.js","analytics":"https://www.gstatic.com/firebasejs/11.10.0/firebase-analytics.js","app":"https://www.gstatic.com/firebasejs/11.10.0/firebase-app.js","app-check":"https://www.gstatic.com/firebasejs/11.10.0/firebase-app-check.js","auth":"https://www.gstatic.com/firebasejs/11.10.0/firebase-auth.js","auth/cordova":"https://www.gstatic.com/firebasejs/11.10.0/firebase-auth/cordova.js","auth/web-extension":"https://www.gstatic.com/firebasejs/11.10.0/firebase-auth/web-extension.js","functions":"https://www.gstatic.com/firebasejs/11.10.0/firebase-functions.js","firestore":"https://www.gstatic.com/firebasejs/11.10.0/firebase-firestore.js","firestore/lite":"https://www.gstatic.com/firebasejs/11.10.0/firebase-firestore/lite.js","installations":"https://www.gstatic.com/firebasejs/11.10.0/firebase-installations.js","storage":"https://www.gstatic.com/firebasejs/11.10.0/firebase-storage.js","performance":"https://www.gstatic.com/firebasejs/11.10.0/firebase-performance.js","remote-config":"https://www.gstatic.com/firebasejs/11.10.0/firebase-remote-config.js","messaging":"https://www.gstatic.com/firebasejs/11.10.0/firebase-messaging.js","messaging/sw":"https://www.gstatic.com/firebasejs/11.10.0/firebase-messaging/sw.js","database":"https://www.gstatic.com/firebasejs/11.10.0/firebase-database.js","vertexai":"https://www.gstatic.com/firebasejs/11.10.0/firebase-vertexai.js","data-connect":"https://www.gstatic.com/firebasejs/11.10.0/firebase-data-connect.js","firestore.memory":"https://www.gstatic.com/firebasejs/11.10.0/firebase-firestore.memory.js"}}
[info] i  Skipping write of public/index.html 
[info] 
[info] +  Wrote configuration info to firebase.json 
[info] +  Wrote project information to .firebaserc 
[info] +  Wrote .gitignore 
[info] 
[info] +  Firebase initialization complete! 
